<?xml version="1.0" encoding="UTF-8"?>
<!-- Generated by org.testng.reporters.JUnitReportReporter -->
<testsuite hostname="ULTRABOOK" name="com.driverScripts.NewTest" tests="3" failures="0" timestamp="14 Sep 2020 08:55:32 GMT" time="102.333" errors="0">
  <testcase name="openTest" time="31.187" classname="com.driverScripts.NewTest"/>
  <testcase name="attemptTest" time="36.815" classname="com.driverScripts.NewTest"/>
  <testcase name="login" time="34.331" classname="com.driverScripts.NewTest"/>
</testsuite> <!-- com.driverScripts.NewTest -->
